\BOOKMARK [1][-]{section.1}{Introduction}{}% 1
\BOOKMARK [2][-]{subsection.1.1}{Main results}{section.1}% 2
\BOOKMARK [2][-]{subsection.1.2}{Outline}{section.1}% 3
\BOOKMARK [2][-]{subsection.1.3}{Future Work}{section.1}% 4
\BOOKMARK [1][-]{section.2}{Preliminaries}{}% 5
\BOOKMARK [2][-]{subsection.2.1}{Grothendieck fibrations}{section.2}% 6
\BOOKMARK [2][-]{subsection.2.2}{Wreath product over finite sets}{section.2}% 7
\BOOKMARK [2][-]{subsection.2.3}{Monads and adjunctions}{section.2}% 8
\BOOKMARK [1][-]{section.3}{Planar and tall maps}{}% 9
\BOOKMARK [2][-]{subsection.3.1}{Planar structures}{section.3}% 10
\BOOKMARK [2][-]{subsection.3.2}{Outer faces, tall maps, and substitution}{section.3}% 11
\BOOKMARK [2][-]{subsection.3.3}{Equivariant leaf-root and vertex functors}{section.3}% 12
\BOOKMARK [2][-]{subsection.3.4}{Planar strings}{section.3}% 13
\BOOKMARK [1][-]{section.4}{Genuine equivariant operads}{}% 14
\BOOKMARK [2][-]{subsection.4.1}{A monad on spans}{section.4}% 15
\BOOKMARK [2][-]{subsection.4.2}{The genuine equivariant operad monad}{section.4}% 16
\BOOKMARK [2][-]{subsection.4.3}{Comparison with \(regular\) equivariant operads}{section.4}% 17
\BOOKMARK [2][-]{subsection.4.4}{Indexing systems and F-genuine G-operads}{section.4}% 18
\BOOKMARK [1][-]{section.5}{Free extensions}{}% 19
\BOOKMARK [2][-]{subsection.5.1}{Labeled planar strings}{section.5}% 20
\BOOKMARK [2][-]{subsection.5.2}{The category of extension trees}{section.5}% 21
\BOOKMARK [1][-]{section.6}{Existence of model structures}{}% 22
\BOOKMARK [2][-]{subsection.6.1}{Filtration pieces}{section.6}% 23
\BOOKMARK [2][-]{subsection.6.2}{Projective model structures}{section.6}% 24
\BOOKMARK [2][-]{subsection.6.3}{Model structures on G-operads}{section.6}% 25
\BOOKMARK [2][-]{subsection.6.4}{Genuine F-operads}{section.6}% 26
\BOOKMARK [1][-]{section.7}{Cofibrancy and Quillen equivalences}{}% 27
\BOOKMARK [2][-]{subsection.7.1}{Families of subgroups}{section.7}% 28
\BOOKMARK [2][-]{subsection.7.2}{Pushout powers}{section.7}% 29
\BOOKMARK [2][-]{subsection.7.3}{G-graph families and G-trees}{section.7}% 30
\BOOKMARK [2][-]{subsection.7.4}{Indexing systems and F-genuine G-operads}{section.7}% 31
\BOOKMARK [2][-]{subsection.7.5}{Cofibrancy and the proof of Theorem III}{section.7}% 32
\BOOKMARK [2][-]{subsection.7.6}{N-operads}{section.7}% 33
\BOOKMARK [1][-]{appendix.A}{Transferring Kan extensions}{}% 34
